2023-04-26 10:57:06,576 - root - INFO - Neural Network 2 9
2023-04-26 10:57:06,992 - pyswarms.single.global_best - INFO - Optimize for 100 iters with {'c1': 0.41, 'c2': 0.41, 'w': 0.8}
2023-04-26 11:15:30,051 - root - INFO - Neural Network 2 9
2023-04-26 11:15:30,405 - pyswarms.single.global_best - INFO - Optimize for 100 iters with {'c1': 0.41, 'c2': 0.41, 'w': 0.8}
2023-04-26 11:15:49,804 - pyswarms.single.global_best - INFO - Optimization finished | best cost: 0.00019968051118210862, best pos: [ 0.03102833  0.39410308 -0.17310484  0.96700495  0.47471986]
2023-04-26 11:15:49,993 - root - INFO - 
****************************************************************

2023-04-26 11:16:25,792 - root - INFO - Neural Network 2 9
2023-04-26 11:16:26,204 - pyswarms.single.global_best - INFO - Optimize for 100 iters with {'c1': 0.41, 'c2': 0.41, 'w': 0.8}
2023-04-26 11:16:45,270 - pyswarms.single.global_best - INFO - Optimization finished | best cost: 0.0001597444089456869, best pos: [-0.22002283  0.18794328  0.01067007 -0.39764093 -0.42906658]
2023-04-26 11:16:45,429 - root - INFO - 
****************************************************************

2023-04-26 11:17:03,675 - root - INFO - Neural Network 2 9
2023-04-26 11:17:04,055 - pyswarms.single.global_best - INFO - Optimize for 100 iters with {'c1': 0.41, 'c2': 0.41, 'w': 0.8}
2023-04-26 11:17:24,341 - pyswarms.single.global_best - INFO - Optimization finished | best cost: 0.0001597444089456869, best pos: [ 0.85396438  0.9036183   0.30669057 -0.92920097 -0.92368941]
2023-04-26 11:17:24,510 - root - INFO - 
****************************************************************

2023-04-26 11:29:08,771 - root - INFO - Neural Network 3 3
2023-04-26 11:29:09,186 - pyswarms.single.global_best - INFO - Optimize for 100 iters with {'c1': 0.41, 'c2': 0.41, 'w': 0.8}
2023-04-26 11:29:30,691 - pyswarms.single.global_best - INFO - Optimization finished | best cost: 0.0, best pos: [0. 0. 0. 0. 0.]
2023-04-26 11:29:30,890 - root - INFO - 
****************************************************************

2023-04-26 11:34:41,550 - root - INFO - Neural Network 3 3
2023-04-26 11:34:42,040 - pyswarms.single.global_best - INFO - Optimize for 100 iters with {'c1': 0.41, 'c2': 0.41, 'w': 0.8}
2023-04-26 11:35:03,584 - pyswarms.single.global_best - INFO - Optimization finished | best cost: 0.0, best pos: [0. 0. 0. 0. 0.]
2023-04-26 11:35:03,773 - root - INFO - 
****************************************************************

2023-04-26 11:35:36,487 - root - INFO - Neural Network 1 9
2023-04-26 11:35:36,902 - pyswarms.single.global_best - INFO - Optimize for 100 iters with {'c1': 0.41, 'c2': 0.41, 'w': 0.8}
2023-04-26 11:35:59,169 - pyswarms.single.global_best - INFO - Optimization finished | best cost: 0.0, best pos: [ 0.4716369  -0.46843475 -0.37469726  0.40228073 -0.89547737]
2023-04-26 11:35:59,333 - root - INFO - 
****************************************************************

2023-04-26 11:36:34,387 - root - INFO - Neural Network 1 9
2023-04-26 11:36:34,795 - pyswarms.single.global_best - INFO - Optimize for 100 iters with {'c1': 0.41, 'c2': 0.41, 'w': 0.8}
2023-04-26 11:36:58,816 - pyswarms.single.global_best - INFO - Optimization finished | best cost: 0.0, best pos: [-0.12056958 -0.03064448 -0.63471075  0.28233574 -0.15398085]
2023-04-26 11:36:58,978 - root - INFO - 
****************************************************************

2023-04-26 11:39:30,278 - root - INFO - Neural Network 1 9
2023-04-26 11:39:30,632 - pyswarms.single.global_best - INFO - Optimize for 100 iters with {'c1': 0.41, 'c2': 0.41, 'w': 0.8}
2023-04-26 11:39:52,822 - pyswarms.single.global_best - INFO - Optimization finished | best cost: 0.0, best pos: [-0.24327706 -0.6181111   0.02893126  0.65521565 -0.17238384]
2023-04-26 11:39:52,982 - root - INFO - 
****************************************************************

2023-04-26 11:39:56,053 - root - INFO - Neural Network 1 9
2023-04-26 11:39:56,434 - pyswarms.single.global_best - INFO - Optimize for 100 iters with {'c1': 0.41, 'c2': 0.41, 'w': 0.8}
2023-04-26 11:40:16,144 - pyswarms.single.global_best - INFO - Optimization finished | best cost: 0.0, best pos: [-0.29228031 -0.50114342  0.42277765  0.57359932  0.35968114  0.77504917
 -0.02976916  0.54877428  0.64743353 -0.62255626]
2023-04-26 11:40:16,309 - root - INFO - 
****************************************************************

2023-04-26 11:41:02,778 - root - INFO - Neural Network 1 9
2023-04-26 11:41:03,181 - pyswarms.single.global_best - INFO - Optimize for 100 iters with {'c1': 0.41, 'c2': 0.41, 'w': 0.8}
2023-04-26 11:41:27,090 - pyswarms.single.global_best - INFO - Optimization finished | best cost: 0.0, best pos: [-0.1923372  -0.99714576  0.04152544 -0.47774274  0.57687457  0.57129154
  0.58984748  0.7349949   0.58494754  0.89910162]
2023-04-26 11:41:27,271 - root - INFO - 
****************************************************************

2023-04-26 11:41:37,880 - root - INFO - Neural Network 1 9
2023-04-26 11:41:38,317 - pyswarms.single.global_best - INFO - Optimize for 100 iters with {'c1': 0.41, 'c2': 0.41, 'w': 0.8}
2023-04-26 11:42:00,729 - pyswarms.single.global_best - INFO - Optimization finished | best cost: 0.0, best pos: [ 0.11047351 -0.26062725 -0.01504666 -0.66797045  0.42065834 -0.27536607
  0.83331325  0.78290468  0.27674169  0.03638385]
2023-04-26 11:42:00,915 - root - INFO - 
****************************************************************

2023-04-26 12:49:20,761 - root - INFO - Neural Network 1 9
2023-04-26 12:49:21,177 - pyswarms.single.global_best - INFO - Optimize for 100 iters with {'c1': 0.41, 'c2': 0.41, 'w': 0.8}
2023-04-26 12:49:48,065 - pyswarms.single.global_best - INFO - Optimization finished | best cost: 0.0, best pos: [ 0.35753789 -0.09224857  0.03642145 -0.26642194  0.1404955  -0.19213184
 -0.34133241  0.27931172  0.20943025  0.05264877]
2023-04-26 12:49:48,231 - root - INFO - 
****************************************************************

2023-04-26 12:54:39,096 - root - INFO - Neural Network 1 9, alpha = 0.2
2023-04-26 12:54:39,477 - pyswarms.single.global_best - INFO - Optimize for 100 iters with {'c1': 0.41, 'c2': 0.41, 'w': 0.8}
2023-04-26 12:54:59,970 - pyswarms.single.global_best - INFO - Optimization finished | best cost: 0.0, best pos: [ 0.45131137 -0.06838813 -0.12931424  0.17917572  0.38132108  0.21803768
  0.43426178  0.41317889  0.19561899  0.63838511]
2023-04-26 12:55:00,154 - root - INFO - 
****************************************************************

2023-04-26 12:55:07,776 - root - INFO - Neural Network 2 9, alpha = 0.2
2023-04-26 12:55:08,199 - pyswarms.single.global_best - INFO - Optimize for 100 iters with {'c1': 0.41, 'c2': 0.41, 'w': 0.8}
2023-04-26 12:55:27,524 - pyswarms.single.global_best - INFO - Optimization finished | best cost: 0.0003194888178913738, best pos: [0.6527543  0.61153811 0.18159238 0.00236304 0.70837712 0.56875752
 0.42962941 0.63633604 0.21643773 0.7112042 ]
2023-04-26 12:55:27,700 - root - INFO - 
****************************************************************

2023-04-26 12:56:03,607 - root - INFO - Neural Network 2 9, alpha = 0.2
2023-04-26 12:56:03,998 - pyswarms.single.global_best - INFO - Optimize for 100 iters with {'c1': 0.41, 'c2': 0.41, 'w': 0.8}
2023-04-26 12:56:25,469 - pyswarms.single.global_best - INFO - Optimization finished | best cost: 0.0003194888178913738, best pos: [0.73005078 0.64273275 0.79948343 0.1160061  0.39582296 0.03996266
 0.49714466 0.65165012 0.09454056 0.33819297]
2023-04-26 12:56:25,653 - root - INFO - 
****************************************************************

2023-04-26 12:57:38,878 - root - INFO - Neural Network 2 9, alpha = 0.1
2023-04-26 12:57:39,243 - pyswarms.single.global_best - INFO - Optimize for 100 iters with {'c1': 0.41, 'c2': 0.41, 'w': 0.8}
2023-04-26 12:57:58,738 - pyswarms.single.global_best - INFO - Optimization finished | best cost: 0.0003594249201277955, best pos: [ 0.25521446  0.93674878 -0.76323036  0.7276634  -0.95218636 -0.78576456
  0.75528549  0.31963419 -0.76921428  0.4312989 ]
2023-04-26 12:57:58,893 - root - INFO - 
****************************************************************

2023-04-26 12:58:20,941 - root - INFO - Neural Network 2 9, alpha = 0.1
2023-04-26 12:58:21,305 - pyswarms.single.global_best - INFO - Optimize for 100 iters with {'c1': 0.41, 'c2': 0.41, 'w': 0.8}
2023-04-26 12:58:40,951 - pyswarms.single.global_best - INFO - Optimization finished | best cost: 0.0003594249201277955, best pos: [ 0.30529648 -0.22330796 -0.28912103  0.10756401  0.58365319  0.41980045
  0.43010262 -0.26808151  0.58583338  0.24454516]
2023-04-26 12:58:41,103 - root - INFO - 
****************************************************************

2023-04-26 12:58:52,409 - root - INFO - Neural Network 2 9, alpha = 0.1
2023-04-26 12:58:52,800 - pyswarms.single.global_best - INFO - Optimize for 100 iters with {'c1': 0.41, 'c2': 0.41, 'w': 0.8}
2023-04-26 12:59:14,216 - pyswarms.single.global_best - INFO - Optimization finished | best cost: 0.0003594249201277955, best pos: [ 0.89399566  0.73928427  0.50645277 -0.82950795  0.17321343 -0.58193682
  0.08422653  0.61990546 -0.60428399  0.86204102]
2023-04-26 12:59:14,395 - root - INFO - 
****************************************************************

2023-04-26 12:59:42,497 - root - INFO - Neural Network 2 9, alpha = 0.3
2023-04-26 12:59:42,872 - pyswarms.single.global_best - INFO - Optimize for 100 iters with {'c1': 0.41, 'c2': 0.41, 'w': 0.8}
2023-04-26 13:00:02,765 - pyswarms.single.global_best - INFO - Optimization finished | best cost: 0.00027955271565495204, best pos: [0.16444133 0.01556732 0.50662228 0.01436061 0.63947331 0.33986481
 0.62242186 0.40529534 0.58342996 0.16120483]
2023-04-26 13:00:02,916 - root - INFO - 
****************************************************************

2023-04-26 13:00:22,547 - root - INFO - Neural Network 2 9, alpha = 0.4
2023-04-26 13:00:22,913 - pyswarms.single.global_best - INFO - Optimize for 100 iters with {'c1': 0.41, 'c2': 0.41, 'w': 0.8}
2023-04-26 13:00:42,735 - pyswarms.single.global_best - INFO - Optimization finished | best cost: 0.00023961661341853033, best pos: [0.19684196 0.18116051 0.0227384  0.42114508 0.70567091 0.18121322
 0.49837161 0.13428814 0.28019643 0.29790447]
2023-04-26 13:00:42,899 - root - INFO - 
****************************************************************

2023-04-26 13:01:08,992 - root - INFO - Neural Network 2 9, alpha = 0.5
2023-04-26 13:01:09,334 - pyswarms.single.global_best - INFO - Optimize for 100 iters with {'c1': 0.41, 'c2': 0.41, 'w': 0.8}
2023-04-26 13:01:28,354 - pyswarms.single.global_best - INFO - Optimization finished | best cost: 0.00019968051118210862, best pos: [ 0.52202265  0.45175066  0.02439267 -0.83759374 -0.99397594 -0.89402555
  0.86705185  0.01231947  0.30586295  0.5195107 ]
2023-04-26 13:01:28,508 - root - INFO - 
****************************************************************

2023-04-26 13:02:02,200 - root - INFO - Neural Network 2 9, alpha = 0.6
2023-04-26 13:02:02,587 - pyswarms.single.global_best - INFO - Optimize for 100 iters with {'c1': 0.41, 'c2': 0.41, 'w': 0.8}
2023-04-26 13:02:22,088 - pyswarms.single.global_best - INFO - Optimization finished | best cost: 0.0, best pos: [ 0.29148003  0.38836648  0.81521548 -0.75637511 -0.88325173  0.29730969
 -0.80894214  0.5704708  -0.83798034  0.12978486  0.85553807  0.42490604
  0.75170684  0.2249645   0.47084212  0.97012015 -0.86024644  0.92483142
 -0.81731619  0.61916215]
2023-04-26 13:02:22,239 - root - INFO - 
****************************************************************

2023-04-26 13:02:44,723 - root - INFO - Neural Network 2 9, alpha = 0.7
2023-04-26 13:02:45,155 - pyswarms.single.global_best - INFO - Optimize for 100 iters with {'c1': 0.41, 'c2': 0.41, 'w': 0.8}
2023-04-26 13:03:05,825 - pyswarms.single.global_best - INFO - Optimization finished | best cost: 0.0, best pos: [-0.70453776 -0.79753727 -0.66330193  0.6015792  -0.97336687 -0.90359657
  0.96974169  0.84819207  0.71536471  0.6824742   0.25685718 -0.71482946
  0.66025984 -0.57758711  0.12651669  0.6304222  -0.77371396  0.94525144
  0.61816165  0.37145216]
2023-04-26 13:03:05,988 - root - INFO - 
****************************************************************

2023-04-26 13:03:49,424 - root - INFO - Neural Network 2 9, alpha = 0.8
2023-04-26 13:03:49,837 - pyswarms.single.global_best - INFO - Optimize for 100 iters with {'c1': 0.41, 'c2': 0.41, 'w': 0.8}
2023-04-26 13:04:10,293 - pyswarms.single.global_best - INFO - Optimization finished | best cost: 0.0, best pos: [ 0.8474846   0.26918997 -0.9051984   0.36055979  0.8060836   0.48361585
  0.36192935  0.36231673  0.52877327  0.89449456 -0.93611592  0.91789253
  0.87115638  0.92167775  0.9383702   0.39492273  0.82149897  0.67003542
  0.43945402  0.55124745]
2023-04-26 13:04:10,471 - root - INFO - 
****************************************************************

2023-04-26 13:05:58,561 - root - INFO - Neural Network 2 9, alpha = 0.8
2023-04-26 13:05:58,941 - pyswarms.single.global_best - INFO - Optimize for 100 iters with {'c1': 0.41, 'c2': 0.41, 'w': 0.8}
2023-04-26 13:06:18,629 - pyswarms.single.global_best - INFO - Optimization finished | best cost: 0.0, best pos: [ 0.13893215  0.67743631  0.17529309 -0.92631494  0.68135248  0.24879319
 -0.62925387 -0.90347218  0.40217489 -0.83631726  0.63654329  0.61370143
  0.36875765 -0.87231202  0.60744496 -0.79407813 -0.68379982  0.68488803
  0.34062185 -0.80820539]
2023-04-26 13:06:18,794 - root - INFO - 
****************************************************************

2023-04-26 13:07:12,793 - root - INFO - Neural Network 2 9, alpha = 0.8
2023-04-26 13:07:13,157 - pyswarms.single.global_best - INFO - Optimize for 100 iters with {'c1': 0.41, 'c2': 0.41, 'w': 0.8}
2023-04-26 13:07:34,278 - pyswarms.single.global_best - INFO - Optimization finished | best cost: 0.0, best pos: [ 0.42726156  0.8884637   0.7647039  -0.92321262  0.82479036  0.06049506
  0.78053369 -0.50599825  0.18107691  0.24034464  0.54950706 -0.44889082
 -0.88626886  0.88048698  0.12436545  0.39021074  0.34347656 -0.63038831
  0.87632689  0.80830927]
2023-04-26 13:07:34,452 - root - INFO - 
****************************************************************

2023-04-26 14:24:40,335 - root - INFO - Neural Network 2 9, alpha = 0.8
2023-04-26 14:24:40,694 - pyswarms.single.global_best - INFO - Optimize for 100 iters with {'c1': 0.41, 'c2': 0.41, 'w': 0.8}
2023-04-26 14:24:58,685 - pyswarms.single.global_best - INFO - Optimization finished | best cost: 7.987220447284343e-05, best pos: [ 0.44165749 -0.65086449  0.12234381  0.09797087  0.39076271 -0.96623042
  0.36776465 -0.74292841  0.86194377 -0.97449387]
2023-04-26 14:24:58,847 - root - INFO - 
****************************************************************

2023-04-26 14:25:40,466 - root - INFO - Neural Network 2 9, alpha = 0.4
2023-04-26 14:25:40,892 - pyswarms.single.global_best - INFO - Optimize for 100 iters with {'c1': 0.41, 'c2': 0.41, 'w': 0.8}
2023-04-26 14:26:00,851 - pyswarms.single.global_best - INFO - Optimization finished | best cost: 0.00023961661341853033, best pos: [ 0.54946618  0.53649907  0.86912151  0.23375779  0.65086829  0.37691965
  0.26433492 -0.76832035  0.30153578  0.45384556]
2023-04-26 14:26:01,005 - root - INFO - 
****************************************************************

2023-04-26 14:29:22,221 - root - INFO - Neural Network 3 3, alpha = 0.4
2023-04-26 14:29:22,590 - pyswarms.single.global_best - INFO - Optimize for 100 iters with {'c1': 0.41, 'c2': 0.41, 'w': 0.8}
2023-04-26 14:29:40,086 - pyswarms.single.global_best - INFO - Optimization finished | best cost: 0.0, best pos: [0. 0. 0. 0. 0. 0. 0. 0. 0. 0.]
2023-04-26 14:29:40,255 - root - INFO - 
****************************************************************

2023-04-26 14:50:18,424 - root - INFO - Neural Network 3 3, alpha = 0.4
2023-04-26 14:50:18,787 - pyswarms.single.global_best - INFO - Optimize for 100 iters with {'c1': 0.41, 'c2': 0.41, 'w': 0.8}
2023-04-26 14:50:35,094 - pyswarms.single.global_best - INFO - Optimization finished | best cost: 0.0, best pos: [0. 0. 0. 0. 0. 0. 0. 0. 0. 0.]
2023-04-26 14:50:35,246 - root - INFO - 
****************************************************************

2023-04-26 14:50:39,532 - root - INFO - Neural Network 2 9, alpha = 0.4
2023-04-26 14:50:39,927 - pyswarms.single.global_best - INFO - Optimize for 100 iters with {'c1': 0.41, 'c2': 0.41, 'w': 0.8}
2023-04-26 14:50:55,228 - pyswarms.single.global_best - INFO - Optimization finished | best cost: 0.00023961661341853033, best pos: [ 0.80433191  0.49579278 -0.61932827  0.80695198 -0.80685919 -0.88639667
  0.05413995  0.66356462  0.32165403  0.33335332]
2023-04-26 14:50:55,361 - root - INFO - 
****************************************************************

2023-04-26 14:55:11,037 - root - INFO - Neural Network 2 9, alpha = 0.4
2023-04-26 14:55:11,402 - pyswarms.single.global_best - INFO - Optimize for 100 iters with {'c1': 0.41, 'c2': 0.41, 'w': 0.8}
2023-04-26 14:55:27,025 - pyswarms.single.global_best - INFO - Optimization finished | best cost: 0.00023961661341853033, best pos: [0.221919   0.05419351 0.29949589 0.12318443 0.55347496 0.40871404
 0.44208998 0.24021275 0.38368041 0.1058882 ]
2023-04-26 14:55:27,157 - root - INFO - 
****************************************************************

2023-04-26 14:56:18,309 - root - INFO - Neural Network 2 9, alpha = 0.4
2023-04-26 14:56:18,598 - pyswarms.single.global_best - INFO - Optimize for 100 iters with {'c1': 0.41, 'c2': 0.41, 'w': 0.8}
2023-04-26 14:56:33,591 - pyswarms.single.global_best - INFO - Optimization finished | best cost: 0.00023961661341853033, best pos: [ 0.98839159  0.86640901  0.40047885  0.85322205  0.39045375 -0.77871586
  0.79550683 -0.68009605 -0.72020689 -0.59890944]
2023-04-26 14:56:33,718 - root - INFO - 
****************************************************************

2023-04-26 14:57:07,297 - root - INFO - Neural Network 2 9, alpha = 0.6
2023-04-26 14:57:07,604 - pyswarms.single.global_best - INFO - Optimize for 100 iters with {'c1': 0.41, 'c2': 0.41, 'w': 0.8}
2023-04-26 14:57:22,789 - pyswarms.single.global_best - INFO - Optimization finished | best cost: 0.0001597444089456869, best pos: [-0.05880171  0.79159014  0.33685033  0.49980382  0.75234736  0.17547843
  0.08785888  0.23811542  0.35793112 -0.19064808]
2023-04-26 14:57:22,921 - root - INFO - 
****************************************************************

2023-04-26 14:57:35,852 - root - INFO - Neural Network 2 9, alpha = 0.2
2023-04-26 14:57:36,226 - pyswarms.single.global_best - INFO - Optimize for 100 iters with {'c1': 0.41, 'c2': 0.41, 'w': 0.8}
2023-04-26 14:57:51,495 - pyswarms.single.global_best - INFO - Optimization finished | best cost: 0.0003194888178913738, best pos: [ 0.75415247  0.26638113  0.54228561  0.42579794  0.91545605  0.18468743
 -0.73043863 -0.77170313  0.14835546  0.63169268]
2023-04-26 14:57:51,618 - root - INFO - 
****************************************************************

2023-04-26 14:58:07,349 - root - INFO - Neural Network 2 9, alpha = 0.7
2023-04-26 14:58:07,672 - pyswarms.single.global_best - INFO - Optimize for 100 iters with {'c1': 0.41, 'c2': 0.41, 'w': 0.8}
2023-04-26 14:58:22,845 - pyswarms.single.global_best - INFO - Optimization finished | best cost: 0.00011980830670926519, best pos: [ 0.90386607  0.0278434  -0.9557249   0.37452443  0.87481426  0.7621188
 -0.91736371  0.46149865 -0.85614131 -0.86737732]
2023-04-26 14:58:22,982 - root - INFO - 
****************************************************************

2023-04-26 14:59:00,048 - root - INFO - Neural Network 2 9, alpha = 0.99
2023-04-26 14:59:00,452 - pyswarms.single.global_best - INFO - Optimize for 100 iters with {'c1': 0.41, 'c2': 0.41, 'w': 0.8}
2023-04-26 14:59:15,759 - pyswarms.single.global_best - INFO - Optimization finished | best cost: 3.993610223642176e-06, best pos: [ 0.10525746  0.75541023  0.33172761  0.01811346  0.91781917  0.51457706
  0.51760559 -0.55415678  0.02588571  0.09823558]
2023-04-26 14:59:15,885 - root - INFO - 
****************************************************************

2023-04-26 14:59:30,055 - root - INFO - Neural Network 2 9, alpha = 0.01
2023-04-26 14:59:30,343 - pyswarms.single.global_best - INFO - Optimize for 100 iters with {'c1': 0.41, 'c2': 0.41, 'w': 0.8}
2023-04-26 14:59:45,209 - pyswarms.single.global_best - INFO - Optimization finished | best cost: 0.00039536741214057507, best pos: [-0.89916527 -0.91491771 -0.82966522 -0.79426459  0.7315691  -0.92364524
 -0.94743611  0.20347816 -0.74115151  0.41106674]
2023-04-26 14:59:45,334 - root - INFO - 
****************************************************************

2023-04-26 15:00:01,250 - root - INFO - Neural Network 2 9, alpha = 0.3
2023-04-26 15:00:01,554 - pyswarms.single.global_best - INFO - Optimize for 100 iters with {'c1': 0.41, 'c2': 0.41, 'w': 0.8}
2023-04-26 15:00:16,740 - pyswarms.single.global_best - INFO - Optimization finished | best cost: 0.00027955271565495204, best pos: [ 0.91855192  0.17680972  0.26432491 -0.95035011  0.91650024  0.7047508
  0.85515241  0.18803262  0.91387232  0.98755273]
2023-04-26 15:00:16,870 - root - INFO - 
****************************************************************

2023-04-26 15:00:32,508 - root - INFO - Neural Network 2 9, alpha = 0.4
2023-04-26 15:00:32,827 - pyswarms.single.global_best - INFO - Optimize for 100 iters with {'c1': 0.41, 'c2': 0.41, 'w': 0.8}
2023-04-26 15:00:47,438 - pyswarms.single.global_best - INFO - Optimization finished | best cost: 0.00023961661341853033, best pos: [-0.08837225  0.14960788 -0.50894596  0.25015661  0.26352722  0.28163342
  0.03048447  0.29968249 -0.32088751 -0.6489854 ]
2023-04-26 15:00:47,559 - root - INFO - 
****************************************************************

2023-04-26 15:01:46,037 - root - INFO - Neural Network 2 9, alpha = 0.4
2023-04-26 15:01:46,351 - pyswarms.single.global_best - INFO - Optimize for 100 iters with {'c1': 0.41, 'c2': 0.41, 'w': 0.8}
2023-04-26 15:02:01,220 - pyswarms.single.global_best - INFO - Optimization finished | best cost: 0.00023961661341853033, best pos: [0.22202404 0.3314877  0.02921209 0.13777859 0.35094289 0.16536474
 0.64148386 0.00512422 0.53002786 0.1372364 ]
2023-04-26 15:02:01,346 - root - INFO - 
****************************************************************

2023-04-26 15:03:58,283 - root - INFO - Neural Network 2 9, alpha = 1.0
2023-04-26 15:03:58,575 - pyswarms.single.global_best - INFO - Optimize for 100 iters with {'c1': 0.41, 'c2': 0.41, 'w': 0.8}
2023-04-26 15:04:12,796 - pyswarms.single.global_best - INFO - Optimization finished | best cost: 0.0, best pos: [0. 0. 0. 0. 0. 0. 0. 0. 0. 0.]
2023-04-26 15:04:12,910 - root - INFO - 
****************************************************************

2023-04-26 15:04:29,982 - root - INFO - Neural Network 2 9, alpha = 0.0
2023-04-26 15:04:30,347 - pyswarms.single.global_best - INFO - Optimize for 100 iters with {'c1': 0.41, 'c2': 0.41, 'w': 0.8}
2023-04-26 15:04:45,126 - pyswarms.single.global_best - INFO - Optimization finished | best cost: 0.00039936102236421724, best pos: [ 0.6919788   0.20351355  0.96552075  0.97004747 -0.63150566  0.60114904
  0.55147419 -0.9836281   0.1414474   0.16602408]
2023-04-26 15:04:45,257 - root - INFO - 
****************************************************************

2023-04-26 15:05:00,007 - root - INFO - Neural Network 1 9, alpha = 0.5
2023-04-26 15:05:00,349 - pyswarms.single.global_best - INFO - Optimize for 100 iters with {'c1': 0.41, 'c2': 0.41, 'w': 0.8}
2023-04-26 15:05:15,984 - pyswarms.single.global_best - INFO - Optimization finished | best cost: 0.0, best pos: [ 0.3259727   0.074683   -0.55850235  0.0906341   0.13471081  0.37821244
  0.84796138  0.67617353  0.58041858  0.52183467]
2023-04-26 15:05:16,113 - root - INFO - 
****************************************************************

2023-04-26 15:05:31,318 - root - INFO - Neural Network 2 9, alpha = 0.15
2023-04-26 15:05:31,609 - pyswarms.single.global_best - INFO - Optimize for 100 iters with {'c1': 0.41, 'c2': 0.41, 'w': 0.8}
2023-04-26 15:05:46,804 - pyswarms.single.global_best - INFO - Optimization finished | best cost: 0.00033945686900958464, best pos: [0.46508693 0.16010869 0.73781696 0.26777986 0.7030896  0.38177985
 0.43978047 0.20419502 0.3789688  0.42686335]
2023-04-26 15:05:46,927 - root - INFO - 
****************************************************************

2023-04-26 15:10:03,918 - root - INFO - Neural Network 1 9
2023-04-26 15:10:04,262 - pyswarms.single.global_best - INFO - Optimize for 100 iters with {'c1': 0.41, 'c2': 0.41, 'w': 0.8}
2023-04-26 15:10:21,637 - pyswarms.single.global_best - INFO - Optimization finished | best cost: 0.0, best pos: [-0.79800759 -0.12706734 -0.96501985  0.01574899 -0.08745834  0.78004658
  0.31601663 -0.65017758  0.72335561  0.61020184]
2023-04-26 15:10:21,778 - root - INFO - 
****************************************************************

2023-04-26 15:10:22,120 - pyswarms.single.global_best - INFO - Optimize for 100 iters with {'c1': 0.41, 'c2': 0.41, 'w': 0.8}
2023-04-26 15:10:39,656 - pyswarms.single.global_best - INFO - Optimization finished | best cost: 0.0, best pos: [-0.16451528  0.2714097   0.4599758  -0.33526764  0.7665716   0.14399005
  0.94751596  0.37287707  0.42572866 -0.40324163]
2023-04-26 15:10:39,782 - root - INFO - 
****************************************************************

2023-04-26 15:10:40,078 - pyswarms.single.global_best - INFO - Optimize for 100 iters with {'c1': 0.41, 'c2': 0.41, 'w': 0.8}
2023-04-26 15:11:03,136 - pyswarms.single.global_best - INFO - Optimization finished | best cost: 0.0, best pos: [ 0.16207459 -0.32001113  0.24072347  0.47129954 -0.13707257  0.40400675
  0.62029729 -0.02478876 -0.31292897 -0.85718183]
2023-04-26 15:11:03,268 - root - INFO - 
****************************************************************

2023-04-26 15:11:03,586 - pyswarms.single.global_best - INFO - Optimize for 100 iters with {'c1': 0.41, 'c2': 0.41, 'w': 0.8}
2023-04-26 15:11:21,808 - pyswarms.single.global_best - INFO - Optimization finished | best cost: 0.0, best pos: [-0.3726016   0.38233182  0.03405755 -0.12319278 -0.17308476 -0.15285942
 -0.19676543  0.81923209 -0.4357536   0.40957186]
2023-04-26 15:11:21,938 - root - INFO - 
****************************************************************

2023-04-26 15:11:22,242 - pyswarms.single.global_best - INFO - Optimize for 100 iters with {'c1': 0.41, 'c2': 0.41, 'w': 0.8}
2023-04-26 15:11:39,304 - pyswarms.single.global_best - INFO - Optimization finished | best cost: 0.0034794329073482427, best pos: [ 0.04119839  0.68182837  0.20096342  0.702886   -0.92736608  0.63002253
 -0.03435233 -0.90923196 -0.00232177 -0.71402288]
2023-04-26 15:11:39,436 - root - INFO - 
****************************************************************

2023-04-26 15:11:39,747 - pyswarms.single.global_best - INFO - Optimize for 100 iters with {'c1': 0.41, 'c2': 0.41, 'w': 0.8}
2023-04-26 15:11:56,827 - pyswarms.single.global_best - INFO - Optimization finished | best cost: 0.0, best pos: [-0.77577556 -0.78630458 -0.03759312 -0.66852558  0.71207189 -0.24595098
  0.28515077  0.39899112 -0.62583823  0.91825863]
2023-04-26 15:11:56,953 - root - INFO - 
****************************************************************

2023-04-26 15:11:57,264 - pyswarms.single.global_best - INFO - Optimize for 100 iters with {'c1': 0.41, 'c2': 0.41, 'w': 0.8}
2023-04-26 15:20:05,428 - root - INFO - Neural Network 1 9, alpha = 0.15
2023-04-26 15:20:05,899 - pyswarms.single.global_best - INFO - Optimize for 100 iters with {'c1': 0.41, 'c2': 0.41, 'w': 0.8}
2023-04-26 15:20:24,799 - pyswarms.single.global_best - INFO - Optimization finished | best cost: 0.0, best pos: [-0.18387515  0.0141691  -0.6348831   0.28824758 -0.13932429 -0.51883656
  0.24474324 -0.08481402  0.86996115  0.22518391  0.41246364  0.73060776
 -0.73476609  0.67414625 -0.75781359  0.13152168 -0.99795994  0.49741678
 -0.09318457 -0.35606368]
2023-04-26 15:20:24,943 - root - INFO - 
****************************************************************

2023-04-26 15:20:27,577 - root - INFO - Neural Network 2 9, alpha = 0.15
2023-04-26 15:20:27,897 - pyswarms.single.global_best - INFO - Optimize for 100 iters with {'c1': 0.41, 'c2': 0.41, 'w': 0.8}
2023-04-26 15:20:42,944 - pyswarms.single.global_best - INFO - Optimization finished | best cost: 0.0, best pos: [ 0.34812236  0.50186406 -0.83153575  0.14911617 -0.62931116  0.30987269
 -0.84145062  0.57589532 -0.98070319 -0.84002696  0.9733916   0.24964299
 -0.90050086  0.40707865  0.66974392  0.71978093 -0.92799503 -0.78866646
  0.74128857  0.42403771]
2023-04-26 15:20:43,106 - root - INFO - 
****************************************************************

2023-04-27 06:57:52,730 - root - INFO - Neural Network 1 9, alpha = 0.5
2023-04-27 06:57:53,675 - pyswarms.single.global_best - INFO - Optimize for 100 iters with {'c1': 0.41, 'c2': 0.41, 'w': 0.8}
2023-04-27 06:58:17,603 - pyswarms.single.global_best - INFO - Optimization finished | best cost: 0.0, best pos: [ 0.51707034 -0.98607656  0.01824194  0.38551508 -0.10904045 -0.03720856
  0.35585345  0.34107937 -0.35564461  0.26081632 -0.32142203 -0.21480952
 -0.03676002  0.23153538  0.42681903  0.34709435 -0.05267257  0.89808788
  0.92503217 -0.20657544]
2023-04-27 06:58:17,744 - root - INFO - 
****************************************************************

2023-04-27 07:05:08,308 - root - INFO - Neural Network 1 9
2023-04-27 07:05:08,638 - pyswarms.single.global_best - INFO - Optimize for 100 iters with {'c1': 0.41, 'c2': 0.41, 'w': 0.8}
2023-04-27 07:05:25,925 - pyswarms.single.global_best - INFO - Optimization finished | best cost: 0.0, best pos: [ 0.73752868 -0.6484794  -0.70882188 -0.39117099 -0.45664084  0.2369584
  0.41076048 -0.85529819  0.59545397  0.61271774  0.50537691 -0.40302094
  0.91447118  0.94688731 -0.51522275  0.86138995 -0.89994063 -0.37663035
 -0.69607266  0.84552371]
2023-04-27 07:05:26,070 - root - INFO - 
****************************************************************

2023-04-27 07:05:26,415 - pyswarms.single.global_best - INFO - Optimize for 100 iters with {'c1': 0.41, 'c2': 0.41, 'w': 0.8}
2023-04-27 07:05:45,510 - pyswarms.single.global_best - INFO - Optimization finished | best cost: 0.0, best pos: [ 0.03705673 -0.13617414 -0.17239319 -0.96765517  0.11351766  0.79025837
  0.40222624 -0.70529355  0.59507584  0.7452443  -0.45260727  0.50221208
 -0.46583908 -0.09283278 -0.98721349 -0.52716033 -0.59730595 -0.95270729
  0.29012251 -0.53871317]
2023-04-27 07:05:45,648 - root - INFO - 
****************************************************************

2023-04-27 07:05:45,951 - pyswarms.single.global_best - INFO - Optimize for 100 iters with {'c1': 0.41, 'c2': 0.41, 'w': 0.8}
2023-04-27 07:06:03,099 - pyswarms.single.global_best - INFO - Optimization finished | best cost: 0.0, best pos: [-0.65412197  0.00543278 -0.07260107  0.58213503  0.08455578  0.27205443
 -0.14764272  0.55465345 -0.23568086 -0.81752886  0.47815805 -0.01952926
 -0.39615399 -0.9646128   0.23109285 -0.42728806 -0.1061845   0.49807511
  0.15116779  0.76308075]
2023-04-27 07:06:03,246 - root - INFO - 
****************************************************************

2023-04-27 07:06:03,582 - pyswarms.single.global_best - INFO - Optimize for 100 iters with {'c1': 0.41, 'c2': 0.41, 'w': 0.8}
2023-04-27 07:06:22,452 - pyswarms.single.global_best - INFO - Optimization finished | best cost: 0.0, best pos: [-0.13016653  0.36511908  0.37553541  0.79111281 -0.70526098 -0.28802834
 -0.11815749  0.25727889  0.24083594  0.12511918  0.64431891  0.03371394
  0.52698107  0.56551264 -0.32037497  0.1861068   0.23731139 -0.56222429
  0.01553464  0.61350559]
2023-04-27 07:06:22,591 - root - INFO - 
****************************************************************

2023-04-27 07:06:22,901 - pyswarms.single.global_best - INFO - Optimize for 100 iters with {'c1': 0.41, 'c2': 0.41, 'w': 0.8}
2023-04-27 07:06:48,244 - pyswarms.single.global_best - INFO - Optimization finished | best cost: 0.0, best pos: [-0.64453754  0.42433307  0.11241705  0.39907984 -0.00622408 -0.70057054
 -0.19591793  0.14019827  0.53818167 -0.06301205  0.39718199 -0.39660254
 -0.55266996  0.45351924  0.33672334  0.123778    0.140597   -0.29097388
 -0.85977296  0.1139744 ]
2023-04-27 07:06:48,386 - root - INFO - 
****************************************************************

2023-04-27 07:06:49,519 - pyswarms.single.global_best - INFO - Optimize for 100 iters with {'c1': 0.41, 'c2': 0.41, 'w': 0.8}
2023-04-27 15:13:27,111 - root - INFO - Neural Network 1 9
2023-04-27 15:16:28,581 - root - INFO - Neural Network 1 9
2023-04-27 15:16:28,858 - pyswarms.single.global_best - INFO - Optimize for 100 iters with {'c1': 0.41, 'c2': 0.41, 'w': 0.8}
2023-04-27 15:16:49,275 - pyswarms.single.global_best - INFO - Optimization finished | best cost: 0.0, best pos: [-0.39432996  0.38631302 -0.41136889  0.0017066  -0.36896771 -0.58691751
 -0.66197676 -0.57208777  0.32994408 -0.84519801  0.92180371  0.86904438
 -0.37083751  0.61349254 -0.92864478  0.16664576  0.24382052  0.39772444
 -0.67659374  0.80572301]
2023-04-27 15:16:49,419 - root - INFO - 
****************************************************************

2023-04-27 15:16:49,639 - pyswarms.single.global_best - INFO - Optimize for 100 iters with {'c1': 0.41, 'c2': 0.41, 'w': 0.8}
2023-04-27 15:17:11,193 - root - INFO - Neural Network 1 9
2023-04-27 15:18:15,221 - root - INFO - Neural Network 1 9, alpha = 0.5
2023-04-27 15:18:36,700 - root - INFO - Neural Network 1 9, alpha = 0.5
2023-04-27 15:18:37,006 - pyswarms.single.global_best - INFO - Optimize for 100 iters with {'c1': 0.41, 'c2': 0.41, 'w': 0.8}
2023-04-27 15:18:56,480 - pyswarms.single.global_best - INFO - Optimization finished | best cost: 0.0, best pos: [-0.30321904 -0.52234914  0.48918776 -0.20694813  0.23209863  0.92382968
  0.06504175  0.42704608 -0.76905377  0.20140168  0.74296281  0.78478519
  0.18298874  0.9219284  -0.41673647  0.25971045 -0.07294058  0.63107186
 -0.53275726 -0.4213811 ]
2023-04-27 15:18:56,617 - root - INFO - 
****************************************************************

2023-04-27 07:19:15,687 - root - INFO - Neural Network 1 9, alpha = 0.5
2023-04-27 07:19:16,102 - pyswarms.single.global_best - INFO - Optimize for 100 iters with {'c1': 0.41, 'c2': 0.41, 'w': 0.8}
2023-04-27 07:19:35,951 - pyswarms.single.global_best - INFO - Optimization finished | best cost: 0.0, best pos: [-0.58950927 -0.07741224 -0.79667803 -0.62531671 -0.26829719 -0.6655296
 -0.19527581 -0.4274157   0.6579841  -0.02957486  0.04147607  0.39854821
 -0.60531517  0.00183099  0.15640989  0.7818153   0.18333949 -0.02561066
  0.13019039 -0.7128132 ]
2023-04-27 07:19:36,092 - root - INFO - 
****************************************************************

2023-04-27 15:25:49,114 - root - INFO - Neural Network 1 9, alpha = 0.5
2023-04-27 15:25:49,410 - pyswarms.single.global_best - INFO - Optimize for 100 iters with {'c1': 0.41, 'c2': 0.41, 'w': 0.8}
2023-04-27 15:26:08,207 - pyswarms.single.global_best - INFO - Optimization finished | best cost: 0.0, best pos: [-0.94568847  0.92629224 -0.67239619  0.68292729 -0.76992487 -0.98031673
 -0.73524933 -0.92319878  0.04373622 -0.30942412  0.3661875  -0.32850545
 -0.8622744   0.7295028   0.61299161  0.51186302  0.48169921  0.914022
  0.57097559  0.01541571]
2023-04-27 15:26:08,334 - root - INFO - 
****************************************************************

